# JRE version: OpenJDK Runtime Environment (8.0_152-b02) (build 1.8.0_152-release-1024-b02)
# Java VM: OpenJDK 64-Bit Server VM (25.152-b02 mixed mode windows-amd64 compressed oops)
Heap:
 PSYoungGen      total 430080K, used 226450K [0x00000000e0000000, 0x00000000fea00000, 0x0000000100000000)
  eden space 393216K, 48% used [0x00000000e0000000,0x00000000eb92a400,0x00000000f8000000)
  from space 36864K, 99% used [0x00000000f8000000,0x00000000fa3fa4f8,0x00000000fa400000)
  to   space 43008K, 0% used [0x00000000fc000000,0x00000000fc000000,0x00000000fea00000)
 ParOldGen       total 180224K, used 108115K [0x00000000a0000000, 0x00000000ab000000, 0x00000000e0000000)
  object space 180224K, 59% used [0x00000000a0000000,0x00000000a6994f98,0x00000000ab000000)
 Metaspace       used 89929K, capacity 93475K, committed 93716K, reserved 1130496K
  class space    used 11374K, capacity 12085K, committed 12092K, reserved 1048576K
GC Heap History (10 events):
Event: 1237.998 GC heap before
{Heap before GC invocations=52 (full 5):
 PSYoungGen      total 364032K, used 342016K [0x00000000e0000000, 0x00000000fa800000, 0x0000000100000000)
  eden space 342016K, 100% used [0x00000000e0000000,0x00000000f4e00000,0x00000000f4e00000)
  from space 22016K, 0% used [0x00000000f7400000,0x00000000f7400000,0x00000000f8980000)
  to   space 38912K, 0% used [0x00000000f4e00000,0x00000000f4e00000,0x00000000f7400000)
 ParOldGen       total 180224K, used 107889K [0x00000000a0000000, 0x00000000ab000000, 0x00000000e0000000)
  object space 180224K, 59% used [0x00000000a0000000,0x00000000a695c4f8,0x00000000ab000000)
 Metaspace       used 86359K, capacity 89298K, committed 89364K, reserved 1126400K
  class space    used 10973K, capacity 11553K, committed 11580K, reserved 1048576K
Event: 1238.047 GC heap after
Heap after GC invocations=52 (full 5):
 PSYoungGen      total 380928K, used 13762K [0x00000000e0000000, 0x00000000fb380000, 0x0000000100000000)
  eden space 342016K, 0% used [0x00000000e0000000,0x00000000e0000000,0x00000000f4e00000)
  from space 38912K, 35% used [0x00000000f4e00000,0x00000000f5b70b30,0x00000000f7400000)
  to   space 36864K, 0% used [0x00000000f8f80000,0x00000000f8f80000,0x00000000fb380000)
 ParOldGen       total 180224K, used 107897K [0x00000000a0000000, 0x00000000ab000000, 0x00000000e0000000)
  object space 180224K, 59% used [0x00000000a0000000,0x00000000a695e4f8,0x00000000ab000000)
 Metaspace       used 86359K, capacity 89298K, committed 89364K, reserved 1126400K
  class space    used 10973K, capacity 11553K, committed 11580K, reserved 1048576K
}
Event: 1242.573 GC heap before
{Heap before GC invocations=53 (full 5):
 PSYoungGen      total 380928K, used 355449K [0x00000000e0000000, 0x00000000fb380000, 0x0000000100000000)
  eden space 342016K, 99% used [0x00000000e0000000,0x00000000f4dad8d0,0x00000000f4e00000)
  from space 38912K, 35% used [0x00000000f4e00000,0x00000000f5b70b30,0x00000000f7400000)
  to   space 36864K, 0% used [0x00000000f8f80000,0x00000000f8f80000,0x00000000fb380000)
 ParOldGen       total 180224K, used 107897K [0x00000000a0000000, 0x00000000ab000000, 0x00000000e0000000)
  object space 180224K, 59% used [0x00000000a0000000,0x00000000a695e4f8,0x00000000ab000000)
 Metaspace       used 87283K, capacity 90390K, committed 90644K, reserved 1128448K
  class space    used 11118K, capacity 11755K, committed 11836K, reserved 1048576K
Event: 1242.610 GC heap after
Heap after GC invocations=53 (full 5):
 PSYoungGen      total 408064K, used 21306K [0x00000000e0000000, 0x00000000fb580000, 0x0000000100000000)
  eden space 371200K, 0% used [0x00000000e0000000,0x00000000e0000000,0x00000000f6a80000)
  from space 36864K, 57% used [0x00000000f8f80000,0x00000000fa44ea90,0x00000000fb380000)
  to   space 37888K, 0% used [0x00000000f6a80000,0x00000000f6a80000,0x00000000f8f80000)
 ParOldGen       total 180224K, used 107905K [0x00000000a0000000, 0x00000000ab000000, 0x00000000e0000000)
  object space 180224K, 59% used [0x00000000a0000000,0x00000000a69604f8,0x00000000ab000000)
 Metaspace       used 87283K, capacity 90390K, committed 90644K, reserved 1128448K
  class space    used 11118K, capacity 11755K, committed 11836K, reserved 1048576K
}
Event: 1424.134 GC heap before
{Heap before GC invocations=54 (full 5):
 PSYoungGen      total 408064K, used 392506K [0x00000000e0000000, 0x00000000fb580000, 0x0000000100000000)
  eden space 371200K, 100% used [0x00000000e0000000,0x00000000f6a80000,0x00000000f6a80000)
  from space 36864K, 57% used [0x00000000f8f80000,0x00000000fa44ea90,0x00000000fb380000)
  to   space 37888K, 0% used [0x00000000f6a80000,0x00000000f6a80000,0x00000000f8f80000)
 ParOldGen       total 180224K, used 107905K [0x00000000a0000000, 0x00000000ab000000, 0x00000000e0000000)
  object space 180224K, 59% used [0x00000000a0000000,0x00000000a69604f8,0x00000000ab000000)
 Metaspace       used 88567K, capacity 91938K, committed 92052K, reserved 1130496K
  class space    used 11269K, capacity 11943K, committed 11964K, reserved 1048576K
Event: 1424.166 GC heap after
Heap after GC invocations=54 (full 5):
 PSYoungGen      total 409088K, used 17011K [0x00000000e0000000, 0x00000000fcc00000, 0x0000000100000000)
  eden space 371200K, 0% used [0x00000000e0000000,0x00000000e0000000,0x00000000f6a80000)
  from space 37888K, 44% used [0x00000000f6a80000,0x00000000f7b1cd18,0x00000000f8f80000)
  to   space 36864K, 0% used [0x00000000fa800000,0x00000000fa800000,0x00000000fcc00000)
 ParOldGen       total 180224K, used 107913K [0x00000000a0000000, 0x00000000ab000000, 0x00000000e0000000)
  object space 180224K, 59% used [0x00000000a0000000,0x00000000a69624f8,0x00000000ab000000)
 Metaspace       used 88567K, capacity 91938K, committed 92052K, reserved 1130496K
  class space    used 11269K, capacity 11943K, committed 11964K, reserved 1048576K
}
Event: 1535.517 GC heap before
{Heap before GC invocations=55 (full 5):
 PSYoungGen      total 409088K, used 388211K [0x00000000e0000000, 0x00000000fcc00000, 0x0000000100000000)
  eden space 371200K, 100% used [0x00000000e0000000,0x00000000f6a80000,0x00000000f6a80000)
  from space 37888K, 44% used [0x00000000f6a80000,0x00000000f7b1cd18,0x00000000f8f80000)
  to   space 36864K, 0% used [0x00000000fa800000,0x00000000fa800000,0x00000000fcc00000)
 ParOldGen       total 180224K, used 107913K [0x00000000a0000000, 0x00000000ab000000, 0x00000000e0000000)
  object space 180224K, 59% used [0x00000000a0000000,0x00000000a69624f8,0x00000000ab000000)
 Metaspace       used 89755K, capacity 93303K, committed 93460K, reserved 1130496K
  class space    used 11366K, capacity 12077K, committed 12092K, reserved 1048576K
Event: 1535.568 GC heap after
Heap after GC invocations=55 (full 5):
 PSYoungGen      total 425984K, used 19124K [0x00000000e0000000, 0x00000000fc800000, 0x0000000100000000)
  eden space 393216K, 0% used [0x00000000e0000000,0x00000000e0000000,0x00000000f8000000)
  from space 32768K, 58% used [0x00000000fa800000,0x00000000fbaad1f0,0x00000000fc800000)
  to   space 36864K, 0% used [0x00000000f8000000,0x00000000f8000000,0x00000000fa400000)
 ParOldGen       total 180224K, used 107921K [0x00000000a0000000, 0x00000000ab000000, 0x00000000e0000000)
  object space 180224K, 59% used [0x00000000a0000000,0x00000000a69644f8,0x00000000ab000000)
 Metaspace       used 89755K, capacity 93303K, committed 93460K, reserved 1130496K
  class space    used 11366K, capacity 12077K, committed 12092K, reserved 1048576K
}
Event: 1552.667 GC heap before
{Heap before GC invocations=56 (full 5):
 PSYoungGen      total 425984K, used 412340K [0x00000000e0000000, 0x00000000fc800000, 0x0000000100000000)
  eden space 393216K, 100% used [0x00000000e0000000,0x00000000f8000000,0x00000000f8000000)
  from space 32768K, 58% used [0x00000000fa800000,0x00000000fbaad1f0,0x00000000fc800000)
  to   space 36864K, 0% used [0x00000000f8000000,0x00000000f8000000,0x00000000fa400000)
 ParOldGen       total 180224K, used 107921K [0x00000000a0000000, 0x00000000ab000000, 0x00000000e0000000)
  object space 180224K, 59% used [0x00000000a0000000,0x00000000a69644f8,0x00000000ab000000)
 Metaspace       used 89887K, capacity 93387K, committed 93460K, reserved 1130496K
  class space    used 11369K, capacity 12081K, committed 12092K, reserved 1048576K
Event: 1552.745 GC heap after
Heap after GC invocations=56 (full 5):
 PSYoungGen      total 430080K, used 36841K [0x00000000e0000000, 0x00000000fea00000, 0x0000000100000000)
  eden space 393216K, 0% used [0x00000000e0000000,0x00000000e0000000,0x00000000f8000000)
  from space 36864K, 99% used [0x00000000f8000000,0x00000000fa3fa4f8,0x00000000fa400000)
  to   space 43008K, 0% used [0x00000000fc000000,0x00000000fc000000,0x00000000fea00000)
 ParOldGen       total 180224K, used 108115K [0x00000000a0000000, 0x00000000ab000000, 0x00000000e0000000)
  object space 180224K, 59% used [0x00000000a0000000,0x00000000a6994f98,0x00000000ab000000)
 Metaspace       used 89887K, capacity 93387K, committed 93460K, reserved 1130496K
  class space    used 11369K, capacity 12081K, committed 12092K, reserved 1048576K
}

